<?xml version="1.0" encoding="UTF-8"?>
<testsuite xmlns:xsi="http://www.w3.org/2001/XMLSchema-instance" xsi:noNamespaceSchemaLocation="https://maven.apache.org/surefire/maven-surefire-plugin/xsd/surefire-test-report.xsd" version="3.0.2" name="dev.auris.user_account.unit.UserAccountDomainInvariantTest" time="0.062" tests="4" errors="0" skipped="0" failures="0">
  <properties>
[...]
</properties>
  <testcase name="shouldUpdateEmailAndEmitEmailChangedEvent_whenEmailIsChanged" classname="dev.auris.user_account.unit.UserAccountDomainInvariantTest" time="0.039"/>
  <testcase name="shouldStoreHashedPasswordAndEmitPasswordChangedEvent_whenPasswordIsChanged" classname="dev.auris.user_account.unit.UserAccountDomainInvariantTest" time="0.002"/>
  <testcase name="shouldUpdateFullNameAndEmitFullNameChangedEvent_whenFullNameIsChanged" classname="dev.auris.user_account.unit.UserAccountDomainInvariantTest" time="0.002"/>
  <testcase name="shouldUpdatePhoneNumberAndEmitPhoneNumberChangedEvent_whenPhoneNumberIsChanged" classname="dev.auris.user_account.unit.UserAccountDomainInvariantTest" time="0.001"/>
</testsuite>